{
  "RSpec": {
    "coverage": {
      "/Users/philbugden/projects/week9/Tic-Tac-Toe/spec/feature/game_spec.rb": [
        1,
        1,
        1,
        1,
        1,
        1,
        1,
        3,
        3,
        3,
        3,
        3,
        null,
        1,
        1,
        1,
        null,
        1,
        1,
        1,
        1,
        null,
        1,
        13,
        1,
        null,
        null,
        null
      ],
      "/Users/philbugden/projects/week9/Tic-Tac-Toe/lib/game.rb": [
        1,
        1,
        6,
        6,
        null,
        null,
        1,
        4,
        null,
        null,
        1,
        1,
        null,
        null,
        1,
        13,
        13,
        null,
        null
      ],
      "/Users/philbugden/projects/week9/Tic-Tac-Toe/lib/grid.rb": [
        1,
        1,
        1,
        1,
        9,
        null,
        null,
        1,
        8,
        32,
        8,
        null,
        null,
        1,
        17,
        17,
        16,
        null,
        null,
        1,
        17,
        16,
        16,
        null,
        null,
        null
      ],
      "/Users/philbugden/projects/week9/Tic-Tac-Toe/lib/turn.rb": [
        1,
        1,
        1,
        1,
        1,
        10,
        10,
        10,
        10,
        10,
        null,
        null,
        1,
        null,
        3,
        null,
        null,
        1,
        21,
        null,
        null,
        1,
        18,
        null,
        null,
        null
      ],
      "/Users/philbugden/projects/week9/Tic-Tac-Toe/lib/player.rb": [
        1,
        1,
        1,
        8,
        null,
        null,
        1,
        1,
        null,
        null,
        1,
        7,
        null,
        null
      ],
      "/Users/philbugden/projects/week9/Tic-Tac-Toe/spec/unit/game_spec.rb": [
        1,
        1,
        4,
        4,
        1,
        1,
        1,
        1,
        1,
        1,
        null,
        1,
        1,
        1,
        1,
        null,
        null,
        1,
        1,
        1,
        1,
        1,
        1,
        1,
        1,
        null,
        null,
        null
      ],
      "/Users/philbugden/projects/week9/Tic-Tac-Toe/spec/unit/grid_spec.rb": [
        1,
        1,
        1,
        2,
        1,
        1,
        null,
        null,
        1,
        5,
        1,
        1,
        1,
        null,
        1,
        1,
        1,
        null,
        1,
        1,
        1,
        null,
        1,
        1,
        1,
        null,
        null,
        1,
        null,
        2,
        1,
        1,
        1,
        null,
        null,
        null
      ],
      "/Users/philbugden/projects/week9/Tic-Tac-Toe/spec/unit/player_spec.rb": [
        1,
        1,
        1,
        3,
        1,
        1,
        null,
        1,
        1,
        null,
        null,
        null
      ],
      "/Users/philbugden/projects/week9/Tic-Tac-Toe/spec/unit/turn_spec.rb": [
        1,
        1,
        6,
        6,
        6,
        1,
        1,
        1,
        1,
        null,
        null,
        1,
        1,
        1,
        null,
        null,
        1,
        1,
        1,
        null,
        1,
        1,
        1,
        null,
        1,
        9,
        1,
        null,
        null,
        null
      ]
    },
    "timestamp": 1519929281
  }
}
