{
  "RSpec": {
    "coverage": {
      "/Users/philbugden/projects/week9/Tic-Tac-Toe/spec/unit/game_spec.rb": [
        1,
        1,
        1,
        1,
        1,
        1,
        1,
        0,
        0,
        0,
        null,
        1,
        0,
        0,
        0,
        null,
        null,
        null
      ],
      "/Users/philbugden/projects/week9/Tic-Tac-Toe/lib/game.rb": [
        1,
        1,
        0,
        0,
        null,
        null,
        1,
        0,
        null,
        null,
        1,
        0,
        null,
        null
      ],
      "/Users/philbugden/projects/week9/Tic-Tac-Toe/spec/unit/grid_spec.rb": [
        1,
        0,
        0,
        0,
        0,
        0,
        null,
        null,
        null
      ],
      "/Users/philbugden/projects/week9/Tic-Tac-Toe/lib/grid.rb": [
        null,
        null,
        null,
        null,
        null,
        null,
        null,
        null,
        null,
        null,
        null,
        null,
        null
      ],
      "/Users/philbugden/projects/week9/Tic-Tac-Toe/spec/unit/player_spec.rb": [
        1,
        1,
        1,
        1,
        1,
        0,
        null,
        1,
        0,
        null,
        null,
        null
      ],
      "/Users/philbugden/projects/week9/Tic-Tac-Toe/lib/player.rb": [
        1,
        1,
        1,
        0,
        null,
        null,
        1,
        0,
        null,
        null,
        1,
        0,
        null,
        null
      ],
      "/Users/philbugden/projects/week9/Tic-Tac-Toe/spec/unit/turn_spec.rb": [
        1,
        1,
        1,
        1,
        1,
        1,
        1,
        0,
        0,
        null,
        null,
        1,
        0,
        0,
        null,
        null,
        1,
        1,
        0,
        null,
        1,
        0,
        0,
        null,
        1,
        0,
        0,
        null,
        null,
        null
      ],
      "/Users/philbugden/projects/week9/Tic-Tac-Toe/lib/turn.rb": [
        1,
        1,
        1,
        1,
        1,
        0,
        0,
        0,
        0,
        0,
        null,
        null,
        1,
        null,
        0,
        null,
        null,
        1,
        0,
        null,
        null,
        1,
        0,
        null,
        null,
        null
      ]
    },
    "timestamp": 1519923573
  }
}
